<?xml version="1.0" encoding="UTF-8"?>
<testng-results ignored="0" total="2" passed="2" failed="0" skipped="0">
  <reporter-output>
  </reporter-output>
  <suite started-at="2025-01-23T13:01:04 IST" name="Default suite" finished-at="2025-01-23T13:01:06 IST" duration-ms="1878">
    <groups>
    </groups>
    <test started-at="2025-01-23T13:01:04 IST" name="Default test" finished-at="2025-01-23T13:01:06 IST" duration-ms="1878">
      <class name="tests.ApiTest">
        <test-method is-config="true" signature="setUp()[pri:0, instance:tests.ApiTest@be64738]" started-at="2025-01-23T13:01:04 IST" name="setUp" finished-at="2025-01-23T13:01:04 IST" duration-ms="420" status="PASS">
          <reporter-output>
          </reporter-output>
        </test-method> <!-- setUp -->
        <test-method signature="currentPriceTest()[pri:0, instance:tests.ApiTest@be64738]" started-at="2025-01-23T13:01:04 IST" name="currentPriceTest" finished-at="2025-01-23T13:01:06 IST" duration-ms="1219" status="PASS">
          <reporter-output>
          </reporter-output>
        </test-method> <!-- currentPriceTest -->
        <test-method signature="currentPriceTestJsonPath()[pri:0, instance:tests.ApiTest@be64738]" started-at="2025-01-23T13:01:06 IST" name="currentPriceTestJsonPath" finished-at="2025-01-23T13:01:06 IST" duration-ms="196" status="PASS">
          <reporter-output>
          </reporter-output>
        </test-method> <!-- currentPriceTestJsonPath -->
      </class> <!-- tests.ApiTest -->
    </test> <!-- Default test -->
  </suite> <!-- Default suite -->
</testng-results>
